0 info it worked if it ends with ok
1 verbose cli [ '/usr/local/bin/node',
1 verbose cli   '/usr/local/bin/npm',
1 verbose cli   'install',
1 verbose cli   'jscs',
1 verbose cli   '-g' ]
2 info using npm@2.15.8
3 info using node@v4.4.7
4 verbose install initial load of /usr/local/lib/package.json
5 verbose readDependencies loading dependencies from /usr/local/lib/package.json
6 silly cache add args [ 'jscs', null ]
7 verbose cache add spec jscs
8 silly cache add parsed spec Result {
8 silly cache add   raw: 'jscs',
8 silly cache add   scope: null,
8 silly cache add   name: 'jscs',
8 silly cache add   rawSpec: '',
8 silly cache add   spec: 'latest',
8 silly cache add   type: 'tag' }
9 silly addNamed jscs@latest
10 verbose addNamed "latest" is being treated as a dist-tag for jscs
11 info addNameTag [ 'jscs', 'latest' ]
12 silly mapToRegistry name jscs
13 silly mapToRegistry using default registry
14 silly mapToRegistry registry https://registry.npmjs.org/
15 silly mapToRegistry data Result {
15 silly mapToRegistry   raw: 'jscs',
15 silly mapToRegistry   scope: null,
15 silly mapToRegistry   name: 'jscs',
15 silly mapToRegistry   rawSpec: '',
15 silly mapToRegistry   spec: 'latest',
15 silly mapToRegistry   type: 'tag' }
16 silly mapToRegistry uri https://registry.npmjs.org/jscs
17 verbose addNameTag registry:https://registry.npmjs.org/jscs not in flight; fetching
18 verbose request uri https://registry.npmjs.org/jscs
19 verbose request no auth needed
20 info attempt registry request try #1 at 3:12:56 PM
21 verbose request id 39109893f0bf5bc8
22 http request GET https://registry.npmjs.org/jscs
23 http 200 https://registry.npmjs.org/jscs
24 verbose headers { server: 'nginx/1.10.1',
24 verbose headers   'content-type': 'application/json',
24 verbose headers   'last-modified': 'Thu, 09 Mar 2017 04:47:10 GMT',
24 verbose headers   etag: 'W/"58c0de4e-334d2"',
24 verbose headers   'content-encoding': 'gzip',
24 verbose headers   'cache-control': 'max-age=300',
24 verbose headers   'content-length': '12790',
24 verbose headers   'accept-ranges': 'bytes',
24 verbose headers   date: 'Fri, 07 Apr 2017 20:12:57 GMT',
24 verbose headers   via: '1.1 varnish',
24 verbose headers   age: '267',
24 verbose headers   connection: 'keep-alive',
24 verbose headers   'x-served-by': 'cache-atl6225-ATL',
24 verbose headers   'x-cache': 'HIT',
24 verbose headers   'x-cache-hits': '1',
24 verbose headers   'x-timer': 'S1491595977.325387,VS0,VE0',
24 verbose headers   vary: 'Accept-Encoding' }
25 silly get cb [ 200,
25 silly get   { server: 'nginx/1.10.1',
25 silly get     'content-type': 'application/json',
25 silly get     'last-modified': 'Thu, 09 Mar 2017 04:47:10 GMT',
25 silly get     etag: 'W/"58c0de4e-334d2"',
25 silly get     'content-encoding': 'gzip',
25 silly get     'cache-control': 'max-age=300',
25 silly get     'content-length': '12790',
25 silly get     'accept-ranges': 'bytes',
25 silly get     date: 'Fri, 07 Apr 2017 20:12:57 GMT',
25 silly get     via: '1.1 varnish',
25 silly get     age: '267',
25 silly get     connection: 'keep-alive',
25 silly get     'x-served-by': 'cache-atl6225-ATL',
25 silly get     'x-cache': 'HIT',
25 silly get     'x-cache-hits': '1',
25 silly get     'x-timer': 'S1491595977.325387,VS0,VE0',
25 silly get     vary: 'Accept-Encoding' } ]
26 verbose get saving jscs to /Users/Will/.npm/registry.npmjs.org/jscs/.cache.json
27 verbose correctMkdir /Users/Will/.npm correctMkdir not in flight; initializing
28 silly addNameTag next cb for jscs with tag latest
29 silly addNamed jscs@3.0.7
30 verbose addNamed "3.0.7" is a plain semver version for jscs
31 silly mapToRegistry name jscs
32 silly mapToRegistry using default registry
33 silly mapToRegistry registry https://registry.npmjs.org/
34 silly mapToRegistry data Result {
34 silly mapToRegistry   raw: 'jscs',
34 silly mapToRegistry   scope: null,
34 silly mapToRegistry   name: 'jscs',
34 silly mapToRegistry   rawSpec: '',
34 silly mapToRegistry   spec: 'latest',
34 silly mapToRegistry   type: 'tag' }
35 silly mapToRegistry uri https://registry.npmjs.org/jscs
36 verbose addRemoteTarball https://registry.npmjs.org/jscs/-/jscs-3.0.7.tgz not in flight; adding
37 verbose addRemoteTarball [ 'https://registry.npmjs.org/jscs/-/jscs-3.0.7.tgz',
37 verbose addRemoteTarball   '7141b4dff5b86e32d0e99d764b836767c30d201a' ]
38 info retry fetch attempt 1 at 3:12:57 PM
39 info attempt registry request try #1 at 3:12:57 PM
40 http fetch GET https://registry.npmjs.org/jscs/-/jscs-3.0.7.tgz
41 http fetch 200 https://registry.npmjs.org/jscs/-/jscs-3.0.7.tgz
42 silly fetchAndShaCheck shasum 7141b4dff5b86e32d0e99d764b836767c30d201a
43 verbose addTmpTarball /var/folders/qx/g9w40c7d5g713d82561cb3tc0000gn/T/npm-25639-15bd9fbf/registry.npmjs.org/jscs/-/jscs-3.0.7.tgz not in flight; adding
44 verbose addTmpTarball already have metadata; skipping unpack for jscs@3.0.7
45 verbose correctMkdir /Users/Will/.npm correctMkdir not in flight; initializing
46 silly cache afterAdd jscs@3.0.7
47 verbose afterAdd /Users/Will/.npm/jscs/3.0.7/package/package.json not in flight; writing
48 verbose correctMkdir /Users/Will/.npm correctMkdir not in flight; initializing
49 verbose afterAdd /Users/Will/.npm/jscs/3.0.7/package/package.json written
50 silly install resolved [ { author:
50 silly install resolved      { name: 'Marat Dulin',
50 silly install resolved        email: 'mdevils@yandex.ru',
50 silly install resolved        url: 'https://github.com/jscs-dev/node-jscs/graphs/contributors' },
50 silly install resolved     description: 'JavaScript Code Style',
50 silly install resolved     name: 'jscs',
50 silly install resolved     version: '3.0.7',
50 silly install resolved     main: 'lib/checker',
50 silly install resolved     homepage: 'http://jscs.info',
50 silly install resolved     keywords:
50 silly install resolved      [ 'code style',
50 silly install resolved        'formatter',
50 silly install resolved        'lint',
50 silly install resolved        'linter',
50 silly install resolved        'style guide',
50 silly install resolved        'validate' ],
50 silly install resolved     license: 'MIT',
50 silly install resolved     repository:
50 silly install resolved      { type: 'git',
50 silly install resolved        url: 'git+https://github.com/jscs-dev/node-jscs.git' },
50 silly install resolved     bugs: { url: 'https://github.com/jscs-dev/node-jscs/issues' },
50 silly install resolved     maintainers: [ [Object], [Object], [Object], [Object], [Object], [Object] ],
50 silly install resolved     engines: { node: '>= 0.10.0' },
50 silly install resolved     dependencies:
50 silly install resolved      { chalk: '~1.1.0',
50 silly install resolved        'cli-table': '~0.3.1',
50 silly install resolved        commander: '~2.9.0',
50 silly install resolved        cst: '^0.4.3',
50 silly install resolved        estraverse: '^4.1.0',
50 silly install resolved        exit: '~0.1.2',
50 silly install resolved        glob: '^5.0.1',
50 silly install resolved        htmlparser2: '3.8.3',
50 silly install resolved        'js-yaml': '~3.4.0',
50 silly install resolved        'jscs-jsdoc': '^2.0.0',
50 silly install resolved        'jscs-preset-wikimedia': '~1.0.0',
50 silly install resolved        jsonlint: '~1.6.2',
50 silly install resolved        lodash: '~3.10.0',
50 silly install resolved        minimatch: '~3.0.0',
50 silly install resolved        'natural-compare': '~1.2.2',
50 silly install resolved        pathval: '~0.1.1',
50 silly install resolved        prompt: '~0.2.14',
50 silly install resolved        'reserved-words': '^0.1.1',
50 silly install resolved        resolve: '^1.1.6',
50 silly install resolved        'strip-bom': '^2.0.0',
50 silly install resolved        'strip-json-comments': '~1.0.2',
50 silly install resolved        'to-double-quotes': '^2.0.0',
50 silly install resolved        'to-single-quotes': '^2.0.0',
50 silly install resolved        vow: '~0.4.8',
50 silly install resolved        'vow-fs': '~0.3.4',
50 silly install resolved        xmlbuilder: '^3.1.0' },
50 silly install resolved     devDependencies:
50 silly install resolved      { chai: '^3.3.0',
50 silly install resolved        coveralls: '~2.11.2',
50 silly install resolved        'has-ansi': '~2.0.0',
50 silly install resolved        jshint: '~2.8.0',
50 silly install resolved        mocha: '^2.2.0',
50 silly install resolved        regenerate: '~1.2.1',
50 silly install resolved        rewire: '^2.3.1',
50 silly install resolved        sinon: '^1.13.0',
50 silly install resolved        'sinon-chai': '^2.8.0',
50 silly install resolved        'unicode-7.0.0': '~0.1.5',
50 silly install resolved        'unit-coverage': '^4.0.1',
50 silly install resolved        xml2js: '~0.4.4' },
50 silly install resolved     bin: { jscs: './bin/jscs' },
50 silly install resolved     'unit-coverage': { common: [Object] },
50 silly install resolved     scripts:
50 silly install resolved      { lint: 'npm run jshint && npm run jscs',
50 silly install resolved        jshint: 'jshint .',
50 silly install resolved        jscs: 'node bin/jscs lib test bin publish',
50 silly install resolved        pretest: 'npm run lint',
50 silly install resolved        test: 'mocha --color',
50 silly install resolved        watch: 'mocha --color --watch',
50 silly install resolved        integration: '#node test/scripts/integration.js',
50 silly install resolved        coverage: 'unit-coverage run -p common',
50 silly install resolved        'coverage-html': 'unit-coverage run -p common -r html -o coverage.html',
50 silly install resolved        coveralls: 'unit-coverage run -p common -r lcov -o out.lcov && cat out.lcov | coveralls',
50 silly install resolved        changelog: 'git log `git describe --tags --abbrev=0`..HEAD --pretty=format:\' * %s (%an)\' | grep -v \'Merge pull request\'',
50 silly install resolved        release: 'node publish/prepublish && npm test && npm publish' },
50 silly install resolved     files: [ 'bin', 'lib', 'patterns', 'presets', 'LICENSE' ],
50 silly install resolved     gitHead: 'e177990d913aafd3e96870a9202194cbbda05167',
50 silly install resolved     _id: 'jscs@3.0.7',
50 silly install resolved     _shasum: '7141b4dff5b86e32d0e99d764b836767c30d201a',
50 silly install resolved     _from: 'jscs@latest',
50 silly install resolved     _npmVersion: '3.10.3',
50 silly install resolved     _nodeVersion: '6.3.0',
50 silly install resolved     _npmUser: { name: 'markelog', email: 'markelog@gmail.com' },
50 silly install resolved     dist:
50 silly install resolved      { shasum: '7141b4dff5b86e32d0e99d764b836767c30d201a',
50 silly install resolved        tarball: 'https://registry.npmjs.org/jscs/-/jscs-3.0.7.tgz' },
50 silly install resolved     _npmOperationalInternal:
50 silly install resolved      { host: 'packages-16-east.internal.npmjs.com',
50 silly install resolved        tmp: 'tmp/jscs-3.0.7.tgz_1468456510995_0.7432337524369359' },
50 silly install resolved     directories: {},
50 silly install resolved     _resolved: 'https://registry.npmjs.org/jscs/-/jscs-3.0.7.tgz' } ]
51 info install jscs@3.0.7 into /usr/local/lib
52 info installOne jscs@3.0.7
53 verbose installOne of jscs to /usr/local/lib not in flight; installing
54 verbose correctMkdir /Users/Will/.npm/_locks correctMkdir not in flight; initializing
55 verbose lock using /Users/Will/.npm/_locks/jscs-6edbd6e3f0cd298d.lock for /usr/local/lib/node_modules/jscs
56 silly install write writing jscs 3.0.7 to /usr/local/lib/node_modules/jscs
57 verbose unbuild lib/node_modules/jscs
58 silly gentlyRm /usr/local/lib/node_modules/jscs is being purged from base /usr/local
59 verbose gentlyRm don't care about contents; nuking /usr/local/lib/node_modules/jscs
60 verbose tar unpack /Users/Will/.npm/jscs/3.0.7/package.tgz
61 verbose tar unpacking to /usr/local/lib/node_modules/jscs
62 silly gentlyRm /usr/local/lib/node_modules/jscs is being purged
63 verbose gentlyRm don't care about contents; nuking /usr/local/lib/node_modules/jscs
64 silly gunzTarPerm modes [ '755', '644' ]
65 error tar.unpack untar error /Users/Will/.npm/jscs/3.0.7/package.tgz
66 verbose unlock done using /Users/Will/.npm/_locks/jscs-6edbd6e3f0cd298d.lock for /usr/local/lib/node_modules/jscs
67 verbose fstream_path /usr/local/lib/node_modules/jscs
68 verbose fstream_type Directory
69 verbose fstream_class DirWriter
70 verbose stack Error: EACCES: permission denied, mkdir '/usr/local/lib/node_modules/jscs'
70 verbose stack     at Error (native)
71 verbose fstream_stack /usr/local/lib/node_modules/npm/node_modules/fstream/lib/dir-writer.js:35:25
71 verbose fstream_stack /usr/local/lib/node_modules/npm/node_modules/mkdirp/index.js:47:53
71 verbose fstream_stack FSReqWrap.oncomplete (fs.js:82:15)
72 verbose cwd /Users/Will/Desktop/Spring-Semester/CSCI-343/Challenge-4
73 error Darwin 16.4.0
74 error argv "/usr/local/bin/node" "/usr/local/bin/npm" "install" "jscs" "-g"
75 error node v4.4.7
76 error npm  v2.15.8
77 error path /usr/local/lib/node_modules/jscs
78 error code EACCES
79 error errno -13
80 error syscall mkdir
81 error Error: EACCES: permission denied, mkdir '/usr/local/lib/node_modules/jscs'
81 error     at Error (native)
81 error  { [Error: EACCES: permission denied, mkdir '/usr/local/lib/node_modules/jscs']
81 error   errno: -13,
81 error   code: 'EACCES',
81 error   syscall: 'mkdir',
81 error   path: '/usr/local/lib/node_modules/jscs',
81 error   fstream_type: 'Directory',
81 error   fstream_path: '/usr/local/lib/node_modules/jscs',
81 error   fstream_class: 'DirWriter',
81 error   fstream_stack:
81 error    [ '/usr/local/lib/node_modules/npm/node_modules/fstream/lib/dir-writer.js:35:25',
81 error      '/usr/local/lib/node_modules/npm/node_modules/mkdirp/index.js:47:53',
81 error      'FSReqWrap.oncomplete (fs.js:82:15)' ] }
82 error Please try running this command again as root/Administrator.
83 verbose exit [ -13, true ]
84 verbose unbuild lib/node_modules/jscs
85 silly gentlyRm /usr/local/lib/node_modules/jscs is being purged from base /usr/local
86 verbose gentlyRm don't care about contents; nuking /usr/local/lib/node_modules/jscs
